Detecting C [-std=c11] compiler features failed to compile with the following output:
Change Dir: /home/will/Desktop/vslam/项目代码/9.3D-2D:PnP/build/CMakeFiles/CMakeTmp

Run Build Command:"/usr/bin/make" "cmTC_76c44/fast"
/usr/bin/make -f CMakeFiles/cmTC_76c44.dir/build.make CMakeFiles/cmTC_76c44.dir/build
make[1]: Entering directory '/home/will/Desktop/vslam/项目代码/9.3D-2D:PnP/build/CMakeFiles/CMakeTmp'
CMakeFiles/cmTC_76c44.dir/build.make:64: *** target pattern contains no '%'.  Stop.
make[1]: Leaving directory '/home/will/Desktop/vslam/项目代码/9.3D-2D:PnP/build/CMakeFiles/CMakeTmp'
Makefile:126: recipe for target 'cmTC_76c44/fast' failed
make: *** [cmTC_76c44/fast] Error 2



Detecting CXX [-std=c++14] compiler features failed to compile with the following output:
Change Dir: /home/will/Desktop/vslam/项目代码/9.3D-2D:PnP/build/CMakeFiles/CMakeTmp

Run Build Command:"/usr/bin/make" "cmTC_fd5c9/fast"
/usr/bin/make -f CMakeFiles/cmTC_fd5c9.dir/build.make CMakeFiles/cmTC_fd5c9.dir/build
make[1]: Entering directory '/home/will/Desktop/vslam/项目代码/9.3D-2D:PnP/build/CMakeFiles/CMakeTmp'
CMakeFiles/cmTC_fd5c9.dir/build.make:64: *** target pattern contains no '%'.  Stop.
make[1]: Leaving directory '/home/will/Desktop/vslam/项目代码/9.3D-2D:PnP/build/CMakeFiles/CMakeTmp'
Makefile:126: recipe for target 'cmTC_fd5c9/fast' failed
make: *** [cmTC_fd5c9/fast] Error 2



