Detecting C [-std=c11] compiler features failed to compile with the following output:
Change Dir: /home/will/code/vslam/项目代码/10.3D-3D:ICP/build/CMakeFiles/CMakeTmp

Run Build Command:"/usr/bin/make" "cmTC_98c00/fast"
/usr/bin/make -f CMakeFiles/cmTC_98c00.dir/build.make CMakeFiles/cmTC_98c00.dir/build
make[1]: Entering directory '/home/will/code/vslam/项目代码/10.3D-3D:ICP/build/CMakeFiles/CMakeTmp'
CMakeFiles/cmTC_98c00.dir/build.make:64: *** target pattern contains no '%'.  Stop.
make[1]: Leaving directory '/home/will/code/vslam/项目代码/10.3D-3D:ICP/build/CMakeFiles/CMakeTmp'
Makefile:126: recipe for target 'cmTC_98c00/fast' failed
make: *** [cmTC_98c00/fast] Error 2



Detecting CXX [-std=c++14] compiler features failed to compile with the following output:
Change Dir: /home/will/code/vslam/项目代码/10.3D-3D:ICP/build/CMakeFiles/CMakeTmp

Run Build Command:"/usr/bin/make" "cmTC_aa022/fast"
/usr/bin/make -f CMakeFiles/cmTC_aa022.dir/build.make CMakeFiles/cmTC_aa022.dir/build
make[1]: Entering directory '/home/will/code/vslam/项目代码/10.3D-3D:ICP/build/CMakeFiles/CMakeTmp'
CMakeFiles/cmTC_aa022.dir/build.make:64: *** target pattern contains no '%'.  Stop.
make[1]: Leaving directory '/home/will/code/vslam/项目代码/10.3D-3D:ICP/build/CMakeFiles/CMakeTmp'
Makefile:126: recipe for target 'cmTC_aa022/fast' failed
make: *** [cmTC_aa022/fast] Error 2



